<?xml version="1.0" encoding="UTF-8"?>
<!-- Generated by org.testng.reporters.JUnitReportReporter -->
<testsuite hostname="DESKTOP-CDTDSNS" failures="0" tests="2" name="com.cg.project.testsuits.GoogleCurrencyConverterTest" time="0.017" errors="0" timestamp="29 Jun 2021 12:23:17 GMT" skipped="0">
  <testcase classname="com.cg.project.testsuits.GoogleCurrencyConverterTest" name="testGoogleCurrencyConverter" time="0.004"/>
  <testcase classname="com.cg.project.testsuits.GoogleCurrencyConverterTest" name="testGoogleCurrencyConverter" time="0.013"/>
</testsuite> <!-- com.cg.project.testsuits.GoogleCurrencyConverterTest -->
