<?xml version="1.0" encoding="UTF-8"?>
<!-- Generated by org.testng.reporters.JUnitReportReporter -->
<testsuite hostname="DESKTOP-CDTDSNS" failures="0" tests="1" name="com.cg.project.testsuits.GoogleSerachTest" time="8.514" errors="0" timestamp="29 Jun 2021 12:35:11 GMT" skipped="0">
  <testcase classname="com.cg.project.testsuits.GoogleSerachTest" name="testGoogleSerachForInformation" time="8.514"/>
</testsuite> <!-- com.cg.project.testsuits.GoogleSerachTest -->
